2019-12-16 22:45:07,464 INFO o.a.j.u.JMeterUtils: Setting Locale to en_EN
2019-12-16 22:45:07,512 INFO o.a.j.JMeter: Loading user properties from: /Applications/apache-jmeter-5.1.1/bin/user.properties
2019-12-16 22:45:07,513 INFO o.a.j.JMeter: Loading system properties from: /Applications/apache-jmeter-5.1.1/bin/system.properties
2019-12-16 22:45:07,533 INFO o.a.j.JMeter: Copyright (c) 1998-2019 The Apache Software Foundation
2019-12-16 22:45:07,533 INFO o.a.j.JMeter: Version 5.1.1 r1855137
2019-12-16 22:45:07,533 INFO o.a.j.JMeter: java.version=1.8.0_211
2019-12-16 22:45:07,533 INFO o.a.j.JMeter: java.vm.name=Java HotSpot(TM) 64-Bit Server VM
2019-12-16 22:45:07,534 INFO o.a.j.JMeter: os.name=Mac OS X
2019-12-16 22:45:07,534 INFO o.a.j.JMeter: os.arch=x86_64
2019-12-16 22:45:07,534 INFO o.a.j.JMeter: os.version=10.14.5
2019-12-16 22:45:07,534 INFO o.a.j.JMeter: file.encoding=UTF-8
2019-12-16 22:45:07,534 INFO o.a.j.JMeter: java.awt.headless=null
2019-12-16 22:45:07,534 INFO o.a.j.JMeter: Max memory     =1073741824
2019-12-16 22:45:07,534 INFO o.a.j.JMeter: Available Processors =4
2019-12-16 22:45:07,542 INFO o.a.j.JMeter: Default Locale=English (EN)
2019-12-16 22:45:07,543 INFO o.a.j.JMeter: JMeter  Locale=English (EN)
2019-12-16 22:45:07,543 INFO o.a.j.JMeter: JMeterHome=/Applications/apache-jmeter-5.1.1
2019-12-16 22:45:07,543 INFO o.a.j.JMeter: user.dir  =/Users/joseramosvanegas/Documents/microservicios/mc_clients
2019-12-16 22:45:07,543 INFO o.a.j.JMeter: PWD       =/Users/joseramosvanegas/Documents/microservicios/mc_clients
2019-12-16 22:45:07,544 INFO o.a.j.JMeter: IP: 192.168.1.77 Name: MacBook-Pro-de-Jose.local FullName: 192.168.1.77
2019-12-16 22:45:10,774 INFO o.a.j.g.a.LookAndFeelCommand: Installing Darcula LAF
2019-12-16 22:45:10,803 INFO o.a.j.g.a.LookAndFeelCommand: Using look and feel: com.bulenkov.darcula.DarculaLaf [Darcula]
2019-12-16 22:45:10,803 INFO o.a.j.JMeter: Setting LAF to: com.bulenkov.darcula.DarculaLaf
2019-12-16 22:45:10,979 INFO o.a.j.JMeter: Loaded icon properties from org/apache/jmeter/images/icon.properties
2019-12-16 22:45:13,867 INFO o.a.j.p.h.s.HTTPSamplerBase: Parser for text/html is org.apache.jmeter.protocol.http.parser.LagartoBasedHtmlParser
2019-12-16 22:45:13,870 INFO o.a.j.p.h.s.HTTPSamplerBase: Parser for application/xhtml+xml is org.apache.jmeter.protocol.http.parser.LagartoBasedHtmlParser
2019-12-16 22:45:13,870 INFO o.a.j.p.h.s.HTTPSamplerBase: Parser for application/xml is org.apache.jmeter.protocol.http.parser.LagartoBasedHtmlParser
2019-12-16 22:45:13,870 INFO o.a.j.p.h.s.HTTPSamplerBase: Parser for text/xml is org.apache.jmeter.protocol.http.parser.LagartoBasedHtmlParser
2019-12-16 22:45:13,871 INFO o.a.j.p.h.s.HTTPSamplerBase: Parser for text/vnd.wap.wml is org.apache.jmeter.protocol.http.parser.RegexpHTMLParser
2019-12-16 22:45:13,871 INFO o.a.j.p.h.s.HTTPSamplerBase: Parser for text/css is org.apache.jmeter.protocol.http.parser.CssParser
2019-12-16 22:45:14,521 INFO o.a.j.e.KeyToolUtils: keytool found at 'keytool'
2019-12-16 22:45:14,522 INFO o.a.j.p.h.p.ProxyControl: HTTP(S) Test Script Recorder SSL Proxy will use keys that support embedded 3rd party resources in file /Applications/apache-jmeter-5.1.1/bin/proxyserver.jks
2019-12-16 22:45:14,722 INFO o.a.j.s.FileServer: Default base='/Users/joseramosvanegas/Documents/microservicios/mc_clients'
2019-12-16 22:45:15,249 INFO o.a.j.s.SampleResult: Note: Sample TimeStamps are START times
2019-12-16 22:45:15,250 INFO o.a.j.s.SampleResult: sampleresult.default.encoding is set to ISO-8859-1
2019-12-16 22:45:15,250 INFO o.a.j.s.SampleResult: sampleresult.useNanoTime=true
2019-12-16 22:45:15,250 INFO o.a.j.s.SampleResult: sampleresult.nanoThreadSleep=5000
2019-12-16 22:45:39,893 INFO o.a.j.g.a.Load: Loading file: /Users/joseramosvanegas/SpringCloud.jmx
2019-12-16 22:45:39,894 INFO o.a.j.s.FileServer: Set new base='/Users/joseramosvanegas'
2019-12-16 22:45:40,083 INFO o.a.j.s.SaveService: Testplan (JMX) version: 2.2. Testlog (JTL) version: 2.2
2019-12-16 22:45:40,094 INFO o.a.j.s.SaveService: Using SaveService properties file encoding UTF-8
2019-12-16 22:45:40,098 INFO o.a.j.s.SaveService: Using SaveService properties version 5.0
2019-12-16 22:45:40,105 INFO o.a.j.s.SaveService: Loading file: /Users/joseramosvanegas/SpringCloud.jmx
2019-12-16 22:45:40,492 INFO o.a.j.s.FileServer: Set new base='/Users/joseramosvanegas'
2019-12-16 22:45:52,063 INFO o.a.j.e.StandardJMeterEngine: Running the test!
2019-12-16 22:45:52,066 INFO o.a.j.s.SampleEvent: List of sample_variables: []
2019-12-16 22:45:52,066 INFO o.a.j.s.SampleEvent: List of sample_variables: []
2019-12-16 22:45:52,072 INFO o.a.j.e.u.CompoundVariable: Note: Function class names must contain the string: '.functions.'
2019-12-16 22:45:52,073 INFO o.a.j.e.u.CompoundVariable: Note: Function class names must not contain the string: '.gui.'
2019-12-16 22:45:53,163 INFO o.a.j.g.u.JMeterMenuBar: setRunning(true, *local*)
2019-12-16 22:45:53,395 INFO o.a.j.e.StandardJMeterEngine: Starting ThreadGroup: 1 : Thread Group
2019-12-16 22:45:53,395 INFO o.a.j.e.StandardJMeterEngine: Starting 1 threads for group Thread Group.
2019-12-16 22:45:53,395 INFO o.a.j.e.StandardJMeterEngine: Thread will continue on error
2019-12-16 22:45:53,396 INFO o.a.j.t.ThreadGroup: Starting thread group... number=1 threads=1 ramp-up=1 delayedStart=false
2019-12-16 22:45:53,407 INFO o.a.j.t.ThreadGroup: Started thread group number 1
2019-12-16 22:45:53,409 INFO o.a.j.e.StandardJMeterEngine: All thread groups have been started
2019-12-16 22:45:53,419 INFO o.a.j.t.JMeterThread: Thread started: Thread Group 1-1
2019-12-16 22:45:53,459 INFO o.a.j.p.h.s.HTTPHCAbstractImpl: Local host = MacBook-Pro-de-Jose.local
2019-12-16 22:45:53,469 INFO o.a.j.p.h.s.HTTPHC4Impl: HTTP request retry count = 0
2019-12-16 22:45:53,763 INFO o.a.j.t.JMeterThread: Thread is done: Thread Group 1-1
2019-12-16 22:45:53,763 INFO o.a.j.t.JMeterThread: Thread finished: Thread Group 1-1
2019-12-16 22:45:53,764 INFO o.a.j.e.StandardJMeterEngine: Notifying test listeners of end of test
2019-12-16 22:45:53,764 INFO o.a.j.g.u.JMeterMenuBar: setRunning(false, *local*)
2019-12-16 22:46:17,141 INFO o.a.j.e.StandardJMeterEngine: Running the test!
2019-12-16 22:46:17,144 INFO o.a.j.s.SampleEvent: List of sample_variables: []
2019-12-16 22:46:17,175 INFO o.a.j.g.u.JMeterMenuBar: setRunning(true, *local*)
2019-12-16 22:46:17,343 INFO o.a.j.e.StandardJMeterEngine: Starting ThreadGroup: 1 : Thread Group
2019-12-16 22:46:17,366 INFO o.a.j.e.StandardJMeterEngine: Starting 1 threads for group Thread Group.
2019-12-16 22:46:17,366 INFO o.a.j.e.StandardJMeterEngine: Thread will continue on error
2019-12-16 22:46:17,366 INFO o.a.j.t.ThreadGroup: Starting thread group... number=1 threads=1 ramp-up=1 delayedStart=false
2019-12-16 22:46:17,367 INFO o.a.j.t.ThreadGroup: Started thread group number 1
2019-12-16 22:46:17,367 INFO o.a.j.e.StandardJMeterEngine: All thread groups have been started
2019-12-16 22:46:17,368 INFO o.a.j.t.JMeterThread: Thread started: Thread Group 1-1
2019-12-16 22:46:17,379 INFO o.a.j.t.JMeterThread: Thread is done: Thread Group 1-1
2019-12-16 22:46:17,379 INFO o.a.j.t.JMeterThread: Thread finished: Thread Group 1-1
2019-12-16 22:46:17,380 INFO o.a.j.e.StandardJMeterEngine: Notifying test listeners of end of test
2019-12-16 22:46:17,380 INFO o.a.j.g.u.JMeterMenuBar: setRunning(false, *local*)
2019-12-16 22:47:09,167 INFO o.a.j.e.StandardJMeterEngine: Running the test!
2019-12-16 22:47:09,170 INFO o.a.j.s.SampleEvent: List of sample_variables: []
2019-12-16 22:47:09,178 INFO o.a.j.g.u.JMeterMenuBar: setRunning(true, *local*)
2019-12-16 22:47:09,352 INFO o.a.j.e.StandardJMeterEngine: Starting ThreadGroup: 1 : Thread Group
2019-12-16 22:47:09,353 INFO o.a.j.e.StandardJMeterEngine: Starting 1 threads for group Thread Group.
2019-12-16 22:47:09,354 INFO o.a.j.e.StandardJMeterEngine: Thread will continue on error
2019-12-16 22:47:09,355 INFO o.a.j.t.ThreadGroup: Starting thread group... number=1 threads=1 ramp-up=1 delayedStart=false
2019-12-16 22:47:09,358 INFO o.a.j.t.ThreadGroup: Started thread group number 1
2019-12-16 22:47:09,359 INFO o.a.j.e.StandardJMeterEngine: All thread groups have been started
2019-12-16 22:47:09,370 INFO o.a.j.t.JMeterThread: Thread started: Thread Group 1-1
2019-12-16 22:47:09,441 INFO o.a.j.t.JMeterThread: Thread is done: Thread Group 1-1
2019-12-16 22:47:09,442 INFO o.a.j.t.JMeterThread: Thread finished: Thread Group 1-1
2019-12-16 22:47:09,444 INFO o.a.j.e.StandardJMeterEngine: Notifying test listeners of end of test
2019-12-16 22:47:09,444 INFO o.a.j.g.u.JMeterMenuBar: setRunning(false, *local*)
2019-12-16 22:49:44,506 INFO o.a.j.e.StandardJMeterEngine: Running the test!
2019-12-16 22:49:44,509 INFO o.a.j.s.SampleEvent: List of sample_variables: []
2019-12-16 22:49:44,512 INFO o.a.j.g.u.JMeterMenuBar: setRunning(true, *local*)
2019-12-16 22:49:44,687 INFO o.a.j.e.StandardJMeterEngine: Starting ThreadGroup: 1 : Thread Group
2019-12-16 22:49:44,688 INFO o.a.j.e.StandardJMeterEngine: Starting 1 threads for group Thread Group.
2019-12-16 22:49:44,689 INFO o.a.j.e.StandardJMeterEngine: Thread will continue on error
2019-12-16 22:49:44,689 INFO o.a.j.t.ThreadGroup: Starting thread group... number=1 threads=1 ramp-up=1 delayedStart=false
2019-12-16 22:49:44,690 INFO o.a.j.t.ThreadGroup: Started thread group number 1
2019-12-16 22:49:44,691 INFO o.a.j.e.StandardJMeterEngine: All thread groups have been started
2019-12-16 22:49:44,696 INFO o.a.j.t.JMeterThread: Thread started: Thread Group 1-1
2019-12-16 22:49:44,763 INFO o.a.j.t.JMeterThread: Thread is done: Thread Group 1-1
2019-12-16 22:49:44,764 INFO o.a.j.t.JMeterThread: Thread finished: Thread Group 1-1
2019-12-16 22:49:44,764 INFO o.a.j.e.StandardJMeterEngine: Notifying test listeners of end of test
2019-12-16 22:49:44,765 INFO o.a.j.g.u.JMeterMenuBar: setRunning(false, *local*)
2019-12-16 22:49:55,355 INFO o.a.j.e.StandardJMeterEngine: Running the test!
2019-12-16 22:49:55,364 INFO o.a.j.s.SampleEvent: List of sample_variables: []
2019-12-16 22:49:55,371 INFO o.a.j.g.u.JMeterMenuBar: setRunning(true, *local*)
2019-12-16 22:49:55,490 INFO o.a.j.e.StandardJMeterEngine: Starting ThreadGroup: 1 : Thread Group
2019-12-16 22:49:55,491 INFO o.a.j.e.StandardJMeterEngine: Starting 1 threads for group Thread Group.
2019-12-16 22:49:55,491 INFO o.a.j.e.StandardJMeterEngine: Thread will continue on error
2019-12-16 22:49:55,491 INFO o.a.j.t.ThreadGroup: Starting thread group... number=1 threads=1 ramp-up=1 delayedStart=false
2019-12-16 22:49:55,492 INFO o.a.j.t.ThreadGroup: Started thread group number 1
2019-12-16 22:49:55,493 INFO o.a.j.e.StandardJMeterEngine: All thread groups have been started
2019-12-16 22:49:55,493 INFO o.a.j.t.JMeterThread: Thread started: Thread Group 1-1
2019-12-16 22:49:55,532 INFO o.a.j.t.JMeterThread: Thread is done: Thread Group 1-1
2019-12-16 22:49:55,532 INFO o.a.j.t.JMeterThread: Thread finished: Thread Group 1-1
2019-12-16 22:49:55,533 INFO o.a.j.e.StandardJMeterEngine: Notifying test listeners of end of test
2019-12-16 22:49:55,533 INFO o.a.j.g.u.JMeterMenuBar: setRunning(false, *local*)
2019-12-16 23:14:22,531 INFO o.a.j.e.StandardJMeterEngine: Running the test!
2019-12-16 23:14:22,539 INFO o.a.j.s.SampleEvent: List of sample_variables: []
2019-12-16 23:14:22,542 INFO o.a.j.g.u.JMeterMenuBar: setRunning(true, *local*)
2019-12-16 23:14:22,825 INFO o.a.j.e.StandardJMeterEngine: Starting ThreadGroup: 1 : Thread Group
2019-12-16 23:14:22,827 INFO o.a.j.e.StandardJMeterEngine: Starting 1 threads for group Thread Group.
2019-12-16 23:14:22,827 INFO o.a.j.e.StandardJMeterEngine: Thread will continue on error
2019-12-16 23:14:22,827 INFO o.a.j.t.ThreadGroup: Starting thread group... number=1 threads=1 ramp-up=1 delayedStart=false
2019-12-16 23:14:22,830 INFO o.a.j.t.ThreadGroup: Started thread group number 1
2019-12-16 23:14:22,832 INFO o.a.j.e.StandardJMeterEngine: All thread groups have been started
2019-12-16 23:14:22,832 INFO o.a.j.t.JMeterThread: Thread started: Thread Group 1-1
2019-12-16 23:14:23,167 INFO o.a.j.t.JMeterThread: Thread is done: Thread Group 1-1
2019-12-16 23:14:23,167 INFO o.a.j.t.JMeterThread: Thread finished: Thread Group 1-1
2019-12-16 23:14:23,168 INFO o.a.j.e.StandardJMeterEngine: Notifying test listeners of end of test
2019-12-16 23:14:23,168 INFO o.a.j.g.u.JMeterMenuBar: setRunning(false, *local*)
2019-12-16 23:14:31,731 INFO o.a.j.e.StandardJMeterEngine: Running the test!
2019-12-16 23:14:31,732 INFO o.a.j.s.SampleEvent: List of sample_variables: []
2019-12-16 23:14:31,734 INFO o.a.j.g.u.JMeterMenuBar: setRunning(true, *local*)
2019-12-16 23:14:31,887 INFO o.a.j.e.StandardJMeterEngine: Starting ThreadGroup: 1 : Thread Group
2019-12-16 23:14:31,887 INFO o.a.j.e.StandardJMeterEngine: Starting 1 threads for group Thread Group.
2019-12-16 23:14:31,887 INFO o.a.j.e.StandardJMeterEngine: Thread will continue on error
2019-12-16 23:14:31,888 INFO o.a.j.t.ThreadGroup: Starting thread group... number=1 threads=1 ramp-up=1 delayedStart=false
2019-12-16 23:14:31,891 INFO o.a.j.t.ThreadGroup: Started thread group number 1
2019-12-16 23:14:31,891 INFO o.a.j.e.StandardJMeterEngine: All thread groups have been started
2019-12-16 23:14:31,891 INFO o.a.j.t.JMeterThread: Thread started: Thread Group 1-1
2019-12-16 23:14:31,924 INFO o.a.j.t.JMeterThread: Thread is done: Thread Group 1-1
2019-12-16 23:14:31,925 INFO o.a.j.t.JMeterThread: Thread finished: Thread Group 1-1
2019-12-16 23:14:31,927 INFO o.a.j.e.StandardJMeterEngine: Notifying test listeners of end of test
2019-12-16 23:14:31,928 INFO o.a.j.g.u.JMeterMenuBar: setRunning(false, *local*)
2019-12-16 23:22:22,095 INFO o.a.j.e.StandardJMeterEngine: Running the test!
2019-12-16 23:22:22,103 INFO o.a.j.s.SampleEvent: List of sample_variables: []
2019-12-16 23:22:22,107 INFO o.a.j.g.u.JMeterMenuBar: setRunning(true, *local*)
2019-12-16 23:22:22,472 INFO o.a.j.e.StandardJMeterEngine: Starting ThreadGroup: 1 : Thread Group
2019-12-16 23:22:22,472 INFO o.a.j.e.StandardJMeterEngine: Starting 1 threads for group Thread Group.
2019-12-16 23:22:22,472 INFO o.a.j.e.StandardJMeterEngine: Thread will continue on error
2019-12-16 23:22:22,473 INFO o.a.j.t.ThreadGroup: Starting thread group... number=1 threads=1 ramp-up=1 delayedStart=false
2019-12-16 23:22:22,473 INFO o.a.j.t.ThreadGroup: Started thread group number 1
2019-12-16 23:22:22,474 INFO o.a.j.e.StandardJMeterEngine: All thread groups have been started
2019-12-16 23:22:22,474 INFO o.a.j.t.JMeterThread: Thread started: Thread Group 1-1
2019-12-16 23:22:22,483 INFO o.a.j.t.JMeterThread: Thread is done: Thread Group 1-1
2019-12-16 23:22:22,484 INFO o.a.j.t.JMeterThread: Thread finished: Thread Group 1-1
2019-12-16 23:22:22,485 INFO o.a.j.e.StandardJMeterEngine: Notifying test listeners of end of test
2019-12-16 23:22:22,486 INFO o.a.j.g.u.JMeterMenuBar: setRunning(false, *local*)
2019-12-16 23:22:43,021 INFO o.a.j.e.StandardJMeterEngine: Running the test!
2019-12-16 23:22:43,023 INFO o.a.j.s.SampleEvent: List of sample_variables: []
2019-12-16 23:22:43,025 INFO o.a.j.g.u.JMeterMenuBar: setRunning(true, *local*)
2019-12-16 23:22:43,156 INFO o.a.j.e.StandardJMeterEngine: Starting ThreadGroup: 1 : Thread Group
2019-12-16 23:22:43,156 INFO o.a.j.e.StandardJMeterEngine: Starting 1 threads for group Thread Group.
2019-12-16 23:22:43,157 INFO o.a.j.e.StandardJMeterEngine: Thread will continue on error
2019-12-16 23:22:43,157 INFO o.a.j.t.ThreadGroup: Starting thread group... number=1 threads=1 ramp-up=1 delayedStart=false
2019-12-16 23:22:43,160 INFO o.a.j.t.ThreadGroup: Started thread group number 1
2019-12-16 23:22:43,160 INFO o.a.j.t.JMeterThread: Thread started: Thread Group 1-1
2019-12-16 23:22:43,160 INFO o.a.j.e.StandardJMeterEngine: All thread groups have been started
2019-12-16 23:22:43,523 INFO o.a.j.t.JMeterThread: Thread is done: Thread Group 1-1
2019-12-16 23:22:43,523 INFO o.a.j.t.JMeterThread: Thread finished: Thread Group 1-1
2019-12-16 23:22:43,523 INFO o.a.j.e.StandardJMeterEngine: Notifying test listeners of end of test
2019-12-16 23:22:43,524 INFO o.a.j.g.u.JMeterMenuBar: setRunning(false, *local*)
2019-12-16 23:24:18,680 INFO o.a.j.e.StandardJMeterEngine: Running the test!
2019-12-16 23:24:18,682 INFO o.a.j.s.SampleEvent: List of sample_variables: []
2019-12-16 23:24:18,684 INFO o.a.j.g.u.JMeterMenuBar: setRunning(true, *local*)
2019-12-16 23:24:18,800 INFO o.a.j.e.StandardJMeterEngine: Starting ThreadGroup: 1 : Thread Group
2019-12-16 23:24:18,800 INFO o.a.j.e.StandardJMeterEngine: Starting 1 threads for group Thread Group.
2019-12-16 23:24:18,800 INFO o.a.j.e.StandardJMeterEngine: Thread will continue on error
2019-12-16 23:24:18,801 INFO o.a.j.t.ThreadGroup: Starting thread group... number=1 threads=1 ramp-up=1 delayedStart=false
2019-12-16 23:24:18,805 INFO o.a.j.t.ThreadGroup: Started thread group number 1
2019-12-16 23:24:18,806 INFO o.a.j.e.StandardJMeterEngine: All thread groups have been started
2019-12-16 23:24:18,806 INFO o.a.j.t.JMeterThread: Thread started: Thread Group 1-1
2019-12-16 23:24:19,104 INFO o.a.j.t.JMeterThread: Thread is done: Thread Group 1-1
2019-12-16 23:24:19,104 INFO o.a.j.t.JMeterThread: Thread finished: Thread Group 1-1
2019-12-16 23:24:19,105 INFO o.a.j.e.StandardJMeterEngine: Notifying test listeners of end of test
2019-12-16 23:24:19,105 INFO o.a.j.g.u.JMeterMenuBar: setRunning(false, *local*)
2019-12-16 23:24:28,127 INFO o.a.j.e.StandardJMeterEngine: Running the test!
2019-12-16 23:24:28,128 INFO o.a.j.s.SampleEvent: List of sample_variables: []
2019-12-16 23:24:28,130 INFO o.a.j.g.u.JMeterMenuBar: setRunning(true, *local*)
2019-12-16 23:24:28,263 INFO o.a.j.e.StandardJMeterEngine: Starting ThreadGroup: 1 : Thread Group
2019-12-16 23:24:28,264 INFO o.a.j.e.StandardJMeterEngine: Starting 1 threads for group Thread Group.
2019-12-16 23:24:28,265 INFO o.a.j.e.StandardJMeterEngine: Thread will continue on error
2019-12-16 23:24:28,266 INFO o.a.j.t.ThreadGroup: Starting thread group... number=1 threads=1 ramp-up=1 delayedStart=false
2019-12-16 23:24:28,269 INFO o.a.j.t.ThreadGroup: Started thread group number 1
2019-12-16 23:24:28,270 INFO o.a.j.e.StandardJMeterEngine: All thread groups have been started
2019-12-16 23:24:28,270 INFO o.a.j.t.JMeterThread: Thread started: Thread Group 1-1
2019-12-16 23:24:28,324 INFO o.a.j.t.JMeterThread: Thread is done: Thread Group 1-1
2019-12-16 23:24:28,324 INFO o.a.j.t.JMeterThread: Thread finished: Thread Group 1-1
2019-12-16 23:24:28,325 INFO o.a.j.e.StandardJMeterEngine: Notifying test listeners of end of test
2019-12-16 23:24:28,325 INFO o.a.j.g.u.JMeterMenuBar: setRunning(false, *local*)
2019-12-16 23:26:06,641 INFO o.a.j.e.StandardJMeterEngine: Running the test!
2019-12-16 23:26:06,648 INFO o.a.j.s.SampleEvent: List of sample_variables: []
2019-12-16 23:26:06,652 INFO o.a.j.g.u.JMeterMenuBar: setRunning(true, *local*)
2019-12-16 23:26:06,807 INFO o.a.j.e.StandardJMeterEngine: Starting ThreadGroup: 1 : Thread Group
2019-12-16 23:26:06,807 INFO o.a.j.e.StandardJMeterEngine: Starting 1 threads for group Thread Group.
2019-12-16 23:26:06,807 INFO o.a.j.e.StandardJMeterEngine: Thread will continue on error
2019-12-16 23:26:06,807 INFO o.a.j.t.ThreadGroup: Starting thread group... number=1 threads=1 ramp-up=1 delayedStart=false
2019-12-16 23:26:06,809 INFO o.a.j.t.ThreadGroup: Started thread group number 1
2019-12-16 23:26:06,810 INFO o.a.j.e.StandardJMeterEngine: All thread groups have been started
2019-12-16 23:26:06,810 INFO o.a.j.t.JMeterThread: Thread started: Thread Group 1-1
2019-12-16 23:26:06,896 INFO o.a.j.t.JMeterThread: Thread is done: Thread Group 1-1
2019-12-16 23:26:06,897 INFO o.a.j.t.JMeterThread: Thread finished: Thread Group 1-1
2019-12-16 23:26:06,897 INFO o.a.j.e.StandardJMeterEngine: Notifying test listeners of end of test
2019-12-16 23:26:06,898 INFO o.a.j.g.u.JMeterMenuBar: setRunning(false, *local*)
2019-12-16 23:26:16,385 INFO o.a.j.e.StandardJMeterEngine: Running the test!
2019-12-16 23:26:16,388 INFO o.a.j.s.SampleEvent: List of sample_variables: []
2019-12-16 23:26:16,389 INFO o.a.j.g.u.JMeterMenuBar: setRunning(true, *local*)
2019-12-16 23:26:16,505 INFO o.a.j.e.StandardJMeterEngine: Starting ThreadGroup: 1 : Thread Group
2019-12-16 23:26:16,506 INFO o.a.j.e.StandardJMeterEngine: Starting 1 threads for group Thread Group.
2019-12-16 23:26:16,506 INFO o.a.j.e.StandardJMeterEngine: Thread will continue on error
2019-12-16 23:26:16,506 INFO o.a.j.t.ThreadGroup: Starting thread group... number=1 threads=1 ramp-up=1 delayedStart=false
2019-12-16 23:26:16,507 INFO o.a.j.t.ThreadGroup: Started thread group number 1
2019-12-16 23:26:16,508 INFO o.a.j.e.StandardJMeterEngine: All thread groups have been started
2019-12-16 23:26:16,509 INFO o.a.j.t.JMeterThread: Thread started: Thread Group 1-1
2019-12-16 23:26:16,541 INFO o.a.j.t.JMeterThread: Thread is done: Thread Group 1-1
2019-12-16 23:26:16,541 INFO o.a.j.t.JMeterThread: Thread finished: Thread Group 1-1
2019-12-16 23:26:16,542 INFO o.a.j.e.StandardJMeterEngine: Notifying test listeners of end of test
2019-12-16 23:26:16,542 INFO o.a.j.g.u.JMeterMenuBar: setRunning(false, *local*)
2019-12-16 23:26:42,949 INFO o.a.j.e.StandardJMeterEngine: Running the test!
2019-12-16 23:26:42,952 INFO o.a.j.s.SampleEvent: List of sample_variables: []
2019-12-16 23:26:42,952 INFO o.a.j.g.u.JMeterMenuBar: setRunning(true, *local*)
2019-12-16 23:26:43,128 INFO o.a.j.e.StandardJMeterEngine: Starting ThreadGroup: 1 : Thread Group
2019-12-16 23:26:43,130 INFO o.a.j.e.StandardJMeterEngine: Starting 1 threads for group Thread Group.
2019-12-16 23:26:43,131 INFO o.a.j.e.StandardJMeterEngine: Thread will continue on error
2019-12-16 23:26:43,131 INFO o.a.j.t.ThreadGroup: Starting thread group... number=1 threads=1 ramp-up=1 delayedStart=false
2019-12-16 23:26:43,134 INFO o.a.j.t.ThreadGroup: Started thread group number 1
2019-12-16 23:26:43,135 INFO o.a.j.e.StandardJMeterEngine: All thread groups have been started
2019-12-16 23:26:43,136 INFO o.a.j.t.JMeterThread: Thread started: Thread Group 1-1
2019-12-16 23:26:43,225 INFO o.a.j.t.JMeterThread: Thread is done: Thread Group 1-1
2019-12-16 23:26:43,225 INFO o.a.j.t.JMeterThread: Thread finished: Thread Group 1-1
2019-12-16 23:26:43,225 INFO o.a.j.e.StandardJMeterEngine: Notifying test listeners of end of test
2019-12-16 23:26:43,226 INFO o.a.j.g.u.JMeterMenuBar: setRunning(false, *local*)
2019-12-16 23:26:51,128 INFO o.a.j.e.StandardJMeterEngine: Running the test!
2019-12-16 23:26:51,129 INFO o.a.j.s.SampleEvent: List of sample_variables: []
2019-12-16 23:26:51,129 INFO o.a.j.g.u.JMeterMenuBar: setRunning(true, *local*)
2019-12-16 23:26:51,263 INFO o.a.j.e.StandardJMeterEngine: Starting ThreadGroup: 1 : Thread Group
2019-12-16 23:26:51,264 INFO o.a.j.e.StandardJMeterEngine: Starting 1 threads for group Thread Group.
2019-12-16 23:26:51,265 INFO o.a.j.e.StandardJMeterEngine: Thread will continue on error
2019-12-16 23:26:51,265 INFO o.a.j.t.ThreadGroup: Starting thread group... number=1 threads=1 ramp-up=1 delayedStart=false
2019-12-16 23:26:51,266 INFO o.a.j.t.ThreadGroup: Started thread group number 1
2019-12-16 23:26:51,267 INFO o.a.j.e.StandardJMeterEngine: All thread groups have been started
2019-12-16 23:26:51,267 INFO o.a.j.t.JMeterThread: Thread started: Thread Group 1-1
2019-12-16 23:26:51,311 INFO o.a.j.t.JMeterThread: Thread is done: Thread Group 1-1
2019-12-16 23:26:51,311 INFO o.a.j.t.JMeterThread: Thread finished: Thread Group 1-1
2019-12-16 23:26:51,313 INFO o.a.j.e.StandardJMeterEngine: Notifying test listeners of end of test
2019-12-16 23:26:51,313 INFO o.a.j.g.u.JMeterMenuBar: setRunning(false, *local*)
